<?xml version="1.0" encoding="UTF-8"?>
<!-- Generated by org.testng.reporters.JUnitReportReporter -->
<testsuite hostname="Mayank-Macbook.local" failures="0" tests="2" name="com.xyz.MavenExample.DataProviderExample" time="45.636" errors="0" timestamp="2022-02-18T08:34:59 IST" skipped="0">
  <testcase classname="com.xyz.MavenExample.DataProviderExample" name="a3_search" time="22.524"/>
  <system-out/>
  <testcase classname="com.xyz.MavenExample.DataProviderExample" name="a3_search" time="23.112"/>
  <system-out/>
</testsuite> <!-- com.xyz.MavenExample.DataProviderExample -->
